<?xml version="1.0" encoding="UTF-8"?>
<testng-results skipped="0" failed="0" total="1" passed="1">
  <reporter-output>
  </reporter-output>
  <suite name="Command line suite" duration-ms="148" started-at="2018-07-02T15:47:04Z" finished-at="2018-07-02T15:47:04Z">
    <groups>
    </groups>
    <test name="Command line test" duration-ms="148" started-at="2018-07-02T15:47:04Z" finished-at="2018-07-02T15:47:04Z">
      <class name="Automation.Tcom_POC.AppTest">
        <test-method status="PASS" signature="testApp()[pri:0, instance:testApp(Automation.Tcom_POC.AppTest)]" name="testApp" duration-ms="12" started-at="2018-07-02T15:47:04Z" finished-at="2018-07-02T15:47:04Z">
        </test-method> <!-- testApp -->
      </class> <!-- Automation.Tcom_POC.AppTest -->
    </test> <!-- Command line test -->
  </suite> <!-- Command line suite -->
</testng-results>
