<?xml version="1.0" encoding="UTF-8"?>
<testng-results skipped="0" failed="0" total="1" passed="1">
  <reporter-output>
  </reporter-output>
  <suite name="Command line suite" duration-ms="119953" started-at="2018-07-02T15:45:02Z" finished-at="2018-07-02T15:47:02Z">
    <groups>
    </groups>
    <test name="Command line test" duration-ms="119953" started-at="2018-07-02T15:45:02Z" finished-at="2018-07-02T15:47:02Z">
      <class name="tests.GlobalNavTest">
        <test-method status="PASS" signature="firstSearchResultIsRelatedTest()[pri:0, instance:tests.GlobalNavTest@1624da6]" name="firstSearchResultIsRelatedTest" duration-ms="119885" started-at="2018-07-02T15:45:02Z" finished-at="2018-07-02T15:47:02Z">
        </test-method> <!-- firstSearchResultIsRelatedTest -->
      </class> <!-- tests.GlobalNavTest -->
    </test> <!-- Command line test -->
  </suite> <!-- Command line suite -->
</testng-results>
