<?xml version="1.0" encoding="UTF-8"?>
<testng-results skipped="1" failed="0" total="1" passed="0">
  <reporter-output>
  </reporter-output>
  <suite name="Default suite" duration-ms="142" started-at="2018-07-04T14:53:02Z" finished-at="2018-07-04T14:53:02Z">
    <groups>
    </groups>
    <test name="Default test" duration-ms="142" started-at="2018-07-04T14:53:02Z" finished-at="2018-07-04T14:53:02Z">
      <class name="tests.GlobalNavTest">
        <test-method status="FAIL" signature="initializeTestBaseSetup(java.lang.String, java.lang.String)[pri:0, instance:tests.GlobalNavTest@cb3542]" name="initializeTestBaseSetup" is-config="true" duration-ms="0" started-at="2018-07-04T14:53:02Z" finished-at="2018-07-04T14:53:02Z">
          <exception class="org.testng.TestNGException">
            <message>
              <![CDATA[
Parameter 'browserType' is required by @Configuration on method initializeTestBaseSetup but has not been marked @Optional or defined
in C:\Users\nehajai\AppData\Local\Temp\testng-eclipse--366986565\testng-customsuite.xml]]>
            </message>
            <full-stacktrace>
              <![CDATA[org.testng.TestNGException: 
Parameter 'browserType' is required by @Configuration on method initializeTestBaseSetup but has not been marked @Optional or defined
in C:\Users\nehajai\AppData\Local\Temp\testng-eclipse--366986565\testng-customsuite.xml
	at org.testng.internal.Parameters.createParameters(Parameters.java:155)
	at org.testng.internal.Parameters.createParameters(Parameters.java:355)
	at org.testng.internal.Parameters.createConfigurationParameters(Parameters.java:86)
	at org.testng.internal.Invoker.invokeConfigurations(Invoker.java:199)
	at org.testng.internal.Invoker.invokeConfigurations(Invoker.java:138)
	at org.testng.internal.TestMethodWorker.invokeBeforeClassMethods(TestMethodWorker.java:175)
	at org.testng.internal.TestMethodWorker.run(TestMethodWorker.java:107)
	at org.testng.TestRunner.privateRun(TestRunner.java:768)
	at org.testng.TestRunner.run(TestRunner.java:617)
	at org.testng.SuiteRunner.runTest(SuiteRunner.java:334)
	at org.testng.SuiteRunner.runSequentially(SuiteRunner.java:329)
	at org.testng.SuiteRunner.privateRun(SuiteRunner.java:291)
	at org.testng.SuiteRunner.run(SuiteRunner.java:240)
	at org.testng.SuiteRunnerWorker.runSuite(SuiteRunnerWorker.java:53)
	at org.testng.SuiteRunnerWorker.run(SuiteRunnerWorker.java:87)
	at org.testng.TestNG.runSuitesSequentially(TestNG.java:1188)
	at org.testng.TestNG.runSuitesLocally(TestNG.java:1113)
	at org.testng.TestNG.run(TestNG.java:1025)
	at org.testng.remote.AbstractRemoteTestNG.run(AbstractRemoteTestNG.java:114)
	at org.testng.remote.RemoteTestNG.initAndRun(RemoteTestNG.java:251)
	at org.testng.remote.RemoteTestNG.main(RemoteTestNG.java:77)
]]>
            </full-stacktrace>
          </exception> <!-- org.testng.TestNGException -->
        </test-method> <!-- initializeTestBaseSetup -->
        <test-method status="SKIP" signature="firstSearchResultIsRelatedTest()[pri:0, instance:tests.GlobalNavTest@cb3542]" name="firstSearchResultIsRelatedTest" duration-ms="10" started-at="2018-07-04T14:53:02Z" finished-at="2018-07-04T14:53:02Z">
        </test-method> <!-- firstSearchResultIsRelatedTest -->
        <test-method status="SKIP" signature="tearDown()[pri:0, instance:tests.GlobalNavTest@cb3542]" name="tearDown" is-config="true" duration-ms="0" started-at="2018-07-04T14:53:02Z" finished-at="2018-07-04T14:53:02Z">
        </test-method> <!-- tearDown -->
      </class> <!-- tests.GlobalNavTest -->
    </test> <!-- Default test -->
  </suite> <!-- Default suite -->
</testng-results>
